{"name": "test_valid_search_functionality", "status": "failed", "statusDetails": {"message": "AssertionError: Test failed: Message: \n  Stacktrace:\n  \tGetHandleVerifier [0x00007FF71DA75355+78597]\n  \tGetHandleVerifier [0x00007FF71DA753B0+78688]\n  \t(No symbol) [0x00007FF71D8291AA]\n  \t(No symbol) [0x00007FF71D87F149]\n  \t(No symbol) [0x00007FF71D87F3FC]\n  \t(No symbol) [0x00007FF71D8D2467]\n  \t(No symbol) [0x00007FF71D8A712F]\n  \t(No symbol) [0x00007FF71D8CF2BB]\n  \t(No symbol) [0x00007FF71D8A6EC3]\n  \t(No symbol) [0x00007FF71D8703F8]\n  \t(No symbol) [0x00007FF71D871163]\n  \tGetHandleVerifier [0x00007FF71DD1EF0D+2870973]\n  \tGetHandleVerifier [0x00007FF71DD196B8+2848360]\n  \tGetHandleVerifier [0x00007FF71DD36993+2967875]\n  \tGetHandleVerifier [0x00007FF71DA9019A+188746]\n  \tGetHandleVerifier [0x00007FF71DA9847F+222255]\n  \tGetHandleVerifier [0x00007FF71DA7D2D4+111236]\n  \tGetHandleVerifier [0x00007FF71DA7D482+111666]\n  \tGetHandleVerifier [0x00007FF71DA635A9+5465]\n  \tBaseThreadInitThunk [0x00007FFD8FE07374+20]\n  \tRtlUserThreadStart [0x00007FFD9105CC91+33]\n  \nassert False", "trace": "setup_browser = <selenium.webdriver.chrome.webdriver.WebDriver (session=\"dd8f3ab8c325a23099e44dc5c528f6cf\")>\n\n    def test_valid_search_functionality(setup_browser):\n        driver = setup_browser\n        try:\n            search_input = WebDriverWait(driver, 20).until(\n                EC.presence_of_element_located((By.CSS_SELECTOR, 'input[type=\"search\"][name=\"query\"]'))\n            )\n            search_input.send_keys(\"laptop\")\n            search_button = driver.find_element(By.CSS_SELECTOR, 'input[type=\"submit\"][value=\"Search\"]')\n            search_button.click()\n    \n            # Wait for the results and assert if the page source contains the term \"laptop\"\n>           WebDriverWait(driver, 20).until(\n                EC.presence_of_element_located((By.TAG_NAME, \"h1\"))  # Example of waiting for any results page to load\n            )\n\nsearch_functionality_test.py:72: \n_ _ _ _ _ _ _ _ _ _ _ _ _ _ _ _ _ _ _ _ _ _ _ _ _ _ _ _ _ _ _ _ _ _ _ _ _ _ _ _ _ _ _ _ _ _ _ _ _ _ _ _ _ _ _ _ _ _\n\nself = <selenium.webdriver.support.wait.WebDriverWait (session=\"dd8f3ab8c325a23099e44dc5c528f6cf\")>\nmethod = <function presence_of_element_located.<locals>._predicate at 0x00000239B1D6DC10>, message = ''\n\n    def until(self, method: Callable[[D], Union[Literal[False], T]], message: str = \"\") -> T:\n        \"\"\"Wait until the method returns a value that is not False.\n    \n        Calls the method provided with the driver as an argument until the\n        return value does not evaluate to ``False``.\n    \n        Parameters:\n        -----------\n        method: callable(WebDriver)\n            - A callable object that takes a WebDriver instance as an argument.\n    \n        message: str\n            - Optional message for :exc:`TimeoutException`\n    \n        Return:\n        -------\n        object: T\n            - The result of the last call to `method`\n    \n        Raises:\n        -------\n        TimeoutException\n            - If 'method' does not return a truthy value within the WebDriverWait\n            object's timeout\n    \n        Example:\n        --------\n        >>> from selenium.webdriver.common.by import By\n        >>> from selenium.webdriver.support.ui import WebDriverWait\n        >>> from selenium.webdriver.support import expected_conditions as EC\n    \n        # Wait until an element is visible on the page\n        >>> wait = WebDriverWait(driver, 10)\n        >>> element = wait.until(EC.visibility_of_element_located((By.ID, \"exampleId\")))\n        >>> print(element.text)\n        \"\"\"\n        screen = None\n        stacktrace = None\n    \n        end_time = time.monotonic() + self._timeout\n        while True:\n            try:\n                value = method(self._driver)\n                if value:\n                    return value\n            except self._ignored_exceptions as exc:\n                screen = getattr(exc, \"screen\", None)\n                stacktrace = getattr(exc, \"stacktrace\", None)\n            if time.monotonic() > end_time:\n                break\n            time.sleep(self._poll)\n>       raise TimeoutException(message, screen, stacktrace)\nE       selenium.common.exceptions.TimeoutException: Message: \nE       Stacktrace:\nE       \tGetHandleVerifier [0x00007FF71DA75355+78597]\nE       \tGetHandleVerifier [0x00007FF71DA753B0+78688]\nE       \t(No symbol) [0x00007FF71D8291AA]\nE       \t(No symbol) [0x00007FF71D87F149]\nE       \t(No symbol) [0x00007FF71D87F3FC]\nE       \t(No symbol) [0x00007FF71D8D2467]\nE       \t(No symbol) [0x00007FF71D8A712F]\nE       \t(No symbol) [0x00007FF71D8CF2BB]\nE       \t(No symbol) [0x00007FF71D8A6EC3]\nE       \t(No symbol) [0x00007FF71D8703F8]\nE       \t(No symbol) [0x00007FF71D871163]\nE       \tGetHandleVerifier [0x00007FF71DD1EF0D+2870973]\nE       \tGetHandleVerifier [0x00007FF71DD196B8+2848360]\nE       \tGetHandleVerifier [0x00007FF71DD36993+2967875]\nE       \tGetHandleVerifier [0x00007FF71DA9019A+188746]\nE       \tGetHandleVerifier [0x00007FF71DA9847F+222255]\nE       \tGetHandleVerifier [0x00007FF71DA7D2D4+111236]\nE       \tGetHandleVerifier [0x00007FF71DA7D482+111666]\nE       \tGetHandleVerifier [0x00007FF71DA635A9+5465]\nE       \tBaseThreadInitThunk [0x00007FFD8FE07374+20]\nE       \tRtlUserThreadStart [0x00007FFD9105CC91+33]\n\nvenv\\lib\\site-packages\\selenium\\webdriver\\support\\wait.py:146: TimeoutException\n\nDuring handling of the above exception, another exception occurred:\n\nsetup_browser = <selenium.webdriver.chrome.webdriver.WebDriver (session=\"dd8f3ab8c325a23099e44dc5c528f6cf\")>\n\n    def test_valid_search_functionality(setup_browser):\n        driver = setup_browser\n        try:\n            search_input = WebDriverWait(driver, 20).until(\n                EC.presence_of_element_located((By.CSS_SELECTOR, 'input[type=\"search\"][name=\"query\"]'))\n            )\n            search_input.send_keys(\"laptop\")\n            search_button = driver.find_element(By.CSS_SELECTOR, 'input[type=\"submit\"][value=\"Search\"]')\n            search_button.click()\n    \n            # Wait for the results and assert if the page source contains the term \"laptop\"\n            WebDriverWait(driver, 20).until(\n                EC.presence_of_element_located((By.TAG_NAME, \"h1\"))  # Example of waiting for any results page to load\n            )\n            assert \"laptop\" in driver.page_source.lower(), \"Search results for 'laptop' not found.\"\n        except Exception as e:\n            capture_screenshot(driver, \"valid_search_failed\")  # Capture screenshot on failure\n>           assert False, f\"Test failed: {str(e)}\"\nE           AssertionError: Test failed: Message: \nE             Stacktrace:\nE             \tGetHandleVerifier [0x00007FF71DA75355+78597]\nE             \tGetHandleVerifier [0x00007FF71DA753B0+78688]\nE             \t(No symbol) [0x00007FF71D8291AA]\nE             \t(No symbol) [0x00007FF71D87F149]\nE             \t(No symbol) [0x00007FF71D87F3FC]\nE             \t(No symbol) [0x00007FF71D8D2467]\nE             \t(No symbol) [0x00007FF71D8A712F]\nE             \t(No symbol) [0x00007FF71D8CF2BB]\nE             \t(No symbol) [0x00007FF71D8A6EC3]\nE             \t(No symbol) [0x00007FF71D8703F8]\nE             \t(No symbol) [0x00007FF71D871163]\nE             \tGetHandleVerifier [0x00007FF71DD1EF0D+2870973]\nE             \tGetHandleVerifier [0x00007FF71DD196B8+2848360]\nE             \tGetHandleVerifier [0x00007FF71DD36993+2967875]\nE             \tGetHandleVerifier [0x00007FF71DA9019A+188746]\nE             \tGetHandleVerifier [0x00007FF71DA9847F+222255]\nE             \tGetHandleVerifier [0x00007FF71DA7D2D4+111236]\nE             \tGetHandleVerifier [0x00007FF71DA7D482+111666]\nE             \tGetHandleVerifier [0x00007FF71DA635A9+5465]\nE             \tBaseThreadInitThunk [0x00007FFD8FE07374+20]\nE             \tRtlUserThreadStart [0x00007FFD9105CC91+33]\nE             \nE           assert False\n\nsearch_functionality_test.py:78: AssertionError"}, "attachments": [{"name": "stdout", "source": "4c184392-135d-470b-a92d-70449629cdd8-attachment.txt", "type": "text/plain"}], "start": 1745078434391, "stop": 1745078454895, "uuid": "0e2d5c06-ae57-418f-80fe-16b5c69d5ddc", "historyId": "9e5538c475b80d3dd0432b1f7b921bd6", "testCaseId": "9e5538c475b80d3dd0432b1f7b921bd6", "fullName": "search_functionality_test#test_valid_search_functionality", "labels": [{"name": "suite", "value": "search_functionality_test"}, {"name": "host", "value": "DESKTOP-H49NC95"}, {"name": "thread", "value": "4120-MainThread"}, {"name": "framework", "value": "pytest"}, {"name": "language", "value": "cpython3"}, {"name": "package", "value": "search_functionality_test"}]}