{"name": "test_valid_search_functionality", "status": "failed", "statusDetails": {"message": "AssertionError: Test failed: Message: \n  Stacktrace:\n  \tGetHandleVerifier [0x00007FF62B915355+78597]\n  \tGetHandleVerifier [0x00007FF62B9153B0+78688]\n  \t(No symbol) [0x00007FF62B6C91AA]\n  \t(No symbol) [0x00007FF62B71F149]\n  \t(No symbol) [0x00007FF62B71F3FC]\n  \t(No symbol) [0x00007FF62B772467]\n  \t(No symbol) [0x00007FF62B74712F]\n  \t(No symbol) [0x00007FF62B76F2BB]\n  \t(No symbol) [0x00007FF62B746EC3]\n  \t(No symbol) [0x00007FF62B7103F8]\n  \t(No symbol) [0x00007FF62B711163]\n  \tGetHandleVerifier [0x00007FF62BBBEF0D+2870973]\n  \tGetHandleVerifier [0x00007FF62BBB96B8+2848360]\n  \tGetHandleVerifier [0x00007FF62BBD6993+2967875]\n  \tGetHandleVerifier [0x00007FF62B93019A+188746]\n  \tGetHandleVerifier [0x00007FF62B93847F+222255]\n  \tGetHandleVerifier [0x00007FF62B91D2D4+111236]\n  \tGetHandleVerifier [0x00007FF62B91D482+111666]\n  \tGetHandleVerifier [0x00007FF62B9035A9+5465]\n  \tBaseThreadInitThunk [0x00007FFCE0D47374+20]\n  \tRtlUserThreadStart [0x00007FFCE1FFCC91+33]\n  \nassert False", "trace": "setup_browser = <selenium.webdriver.chrome.webdriver.WebDriver (session=\"1d215d80b20c3c1076608202c86a1c78\")>\n\n    def test_valid_search_functionality(setup_browser):\n        driver = setup_browser\n        try:\n            search_input = WebDriverWait(driver, 20).until(\n                EC.presence_of_element_located((By.CSS_SELECTOR, 'input[type=\"search\"][name=\"query\"]'))\n            )\n            search_input.send_keys(\"Apple Macbook pro\")\n            search_button = driver.find_element(By.CSS_SELECTOR, 'input[type=\"submit\"][value=\"Search\"]')\n            search_button.click()\n    \n            # Wait for the results and assert if the page source contains the term \"laptop\"\n>           WebDriverWait(driver, 20).until(\n                EC.presence_of_element_located((By.TAG_NAME, \"h1\"))  # Example of waiting for any results page to load\n            )\n\nsearch_functionality_test.py:72: \n_ _ _ _ _ _ _ _ _ _ _ _ _ _ _ _ _ _ _ _ _ _ _ _ _ _ _ _ _ _ _ _ _ _ _ _ _ \n\nself = <selenium.webdriver.support.wait.WebDriverWait (session=\"1d215d80b20c3c1076608202c86a1c78\")>\nmethod = <function presence_of_element_located.<locals>._predicate at 0x000001F3449AF670>\nmessage = ''\n\n    def until(self, method: Callable[[D], Union[Literal[False], T]], message: str = \"\") -> T:\n        \"\"\"Wait until the method returns a value that is not False.\n    \n        Calls the method provided with the driver as an argument until the\n        return value does not evaluate to ``False``.\n    \n        Parameters:\n        -----------\n        method: callable(WebDriver)\n            - A callable object that takes a WebDriver instance as an argument.\n    \n        message: str\n            - Optional message for :exc:`TimeoutException`\n    \n        Return:\n        -------\n        object: T\n            - The result of the last call to `method`\n    \n        Raises:\n        -------\n        TimeoutException\n            - If 'method' does not return a truthy value within the WebDriverWait\n            object's timeout\n    \n        Example:\n        --------\n        >>> from selenium.webdriver.common.by import By\n        >>> from selenium.webdriver.support.ui import WebDriverWait\n        >>> from selenium.webdriver.support import expected_conditions as EC\n    \n        # Wait until an element is visible on the page\n        >>> wait = WebDriverWait(driver, 10)\n        >>> element = wait.until(EC.visibility_of_element_located((By.ID, \"exampleId\")))\n        >>> print(element.text)\n        \"\"\"\n        screen = None\n        stacktrace = None\n    \n        end_time = time.monotonic() + self._timeout\n        while True:\n            try:\n                value = method(self._driver)\n                if value:\n                    return value\n            except self._ignored_exceptions as exc:\n                screen = getattr(exc, \"screen\", None)\n                stacktrace = getattr(exc, \"stacktrace\", None)\n            if time.monotonic() > end_time:\n                break\n            time.sleep(self._poll)\n>       raise TimeoutException(message, screen, stacktrace)\nE       selenium.common.exceptions.TimeoutException: Message: \nE       Stacktrace:\nE       \tGetHandleVerifier [0x00007FF62B915355+78597]\nE       \tGetHandleVerifier [0x00007FF62B9153B0+78688]\nE       \t(No symbol) [0x00007FF62B6C91AA]\nE       \t(No symbol) [0x00007FF62B71F149]\nE       \t(No symbol) [0x00007FF62B71F3FC]\nE       \t(No symbol) [0x00007FF62B772467]\nE       \t(No symbol) [0x00007FF62B74712F]\nE       \t(No symbol) [0x00007FF62B76F2BB]\nE       \t(No symbol) [0x00007FF62B746EC3]\nE       \t(No symbol) [0x00007FF62B7103F8]\nE       \t(No symbol) [0x00007FF62B711163]\nE       \tGetHandleVerifier [0x00007FF62BBBEF0D+2870973]\nE       \tGetHandleVerifier [0x00007FF62BBB96B8+2848360]\nE       \tGetHandleVerifier [0x00007FF62BBD6993+2967875]\nE       \tGetHandleVerifier [0x00007FF62B93019A+188746]\nE       \tGetHandleVerifier [0x00007FF62B93847F+222255]\nE       \tGetHandleVerifier [0x00007FF62B91D2D4+111236]\nE       \tGetHandleVerifier [0x00007FF62B91D482+111666]\nE       \tGetHandleVerifier [0x00007FF62B9035A9+5465]\nE       \tBaseThreadInitThunk [0x00007FFCE0D47374+20]\nE       \tRtlUserThreadStart [0x00007FFCE1FFCC91+33]\n\nvenv\\lib\\site-packages\\selenium\\webdriver\\support\\wait.py:146: TimeoutException\n\nDuring handling of the above exception, another exception occurred:\n\nsetup_browser = <selenium.webdriver.chrome.webdriver.WebDriver (session=\"1d215d80b20c3c1076608202c86a1c78\")>\n\n    def test_valid_search_functionality(setup_browser):\n        driver = setup_browser\n        try:\n            search_input = WebDriverWait(driver, 20).until(\n                EC.presence_of_element_located((By.CSS_SELECTOR, 'input[type=\"search\"][name=\"query\"]'))\n            )\n            search_input.send_keys(\"Apple Macbook pro\")\n            search_button = driver.find_element(By.CSS_SELECTOR, 'input[type=\"submit\"][value=\"Search\"]')\n            search_button.click()\n    \n            # Wait for the results and assert if the page source contains the term \"laptop\"\n            WebDriverWait(driver, 20).until(\n                EC.presence_of_element_located((By.TAG_NAME, \"h1\"))  # Example of waiting for any results page to load\n            )\n            assert \"laptop\" in driver.page_source.lower(), \"Search results for 'laptop' not found.\"\n        except Exception as e:\n            capture_screenshot(driver, \"valid_search_failed\")  # Capture screenshot on failure\n>           assert False, f\"Test failed: {str(e)}\"\nE           AssertionError: Test failed: Message: \nE             Stacktrace:\nE             \tGetHandleVerifier [0x00007FF62B915355+78597]\nE             \tGetHandleVerifier [0x00007FF62B9153B0+78688]\nE             \t(No symbol) [0x00007FF62B6C91AA]\nE             \t(No symbol) [0x00007FF62B71F149]\nE             \t(No symbol) [0x00007FF62B71F3FC]\nE             \t(No symbol) [0x00007FF62B772467]\nE             \t(No symbol) [0x00007FF62B74712F]\nE             \t(No symbol) [0x00007FF62B76F2BB]\nE             \t(No symbol) [0x00007FF62B746EC3]\nE             \t(No symbol) [0x00007FF62B7103F8]\nE             \t(No symbol) [0x00007FF62B711163]\nE             \tGetHandleVerifier [0x00007FF62BBBEF0D+2870973]\nE             \tGetHandleVerifier [0x00007FF62BBB96B8+2848360]\nE             \tGetHandleVerifier [0x00007FF62BBD6993+2967875]\nE             \tGetHandleVerifier [0x00007FF62B93019A+188746]\nE             \tGetHandleVerifier [0x00007FF62B93847F+222255]\nE             \tGetHandleVerifier [0x00007FF62B91D2D4+111236]\nE             \tGetHandleVerifier [0x00007FF62B91D482+111666]\nE             \tGetHandleVerifier [0x00007FF62B9035A9+5465]\nE             \tBaseThreadInitThunk [0x00007FFCE0D47374+20]\nE             \tRtlUserThreadStart [0x00007FFCE1FFCC91+33]\nE             \nE           assert False\n\nsearch_functionality_test.py:78: AssertionError"}, "attachments": [{"name": "stdout", "source": "d1d525b7-ed7b-41bc-b3c6-ccb8b7d232a8-attachment.txt", "type": "text/plain"}], "start": 1745162856813, "stop": 1745162877772, "uuid": "719c837b-1532-49a1-b2ce-90e5c49ac0d2", "historyId": "9e5538c475b80d3dd0432b1f7b921bd6", "testCaseId": "9e5538c475b80d3dd0432b1f7b921bd6", "fullName": "search_functionality_test#test_valid_search_functionality", "labels": [{"name": "suite", "value": "search_functionality_test"}, {"name": "host", "value": "DESKTOP-H49NC95"}, {"name": "thread", "value": "14840-MainThread"}, {"name": "framework", "value": "pytest"}, {"name": "language", "value": "cpython3"}, {"name": "package", "value": "search_functionality_test"}]}